This is pdfTeX, Version 3.141592653-2.6-1.40.22 (TeX Live 2021) (preloaded format=pdflatex 2022.3.14)  20 NOV 2023 18:32
entering extended mode
 restricted \write18 enabled.
 %&-line parsing enabled.
**"progress report.tex"
(./progress report.tex
LaTeX2e <2020-10-01> patch level 4
L3 programming layer <2021-02-18>
(/usr/local/texlive/2021/texmf-dist/tex/latex/base/article.cls
Document Class: article 2020/04/10 v1.4m Standard LaTeX document class
(/usr/local/texlive/2021/texmf-dist/tex/latex/base/size10.clo
File: size10.clo 2020/04/10 v1.4m Standard LaTeX file (size option)
)
\c@part=\count179
\c@section=\count180
\c@subsection=\count181
\c@subsubsection=\count182
\c@paragraph=\count183
\c@subparagraph=\count184
\c@figure=\count185
\c@table=\count186
\abovecaptionskip=\skip47
\belowcaptionskip=\skip48
\bibindent=\dimen138
)
(/usr/local/texlive/2021/texmf-dist/tex/latex/titlesec/titlesec.sty
Package: titlesec 2019/10/16 v2.13 Sectioning titles
\ttl@box=\box47
\beforetitleunit=\skip49
\aftertitleunit=\skip50
\ttl@plus=\dimen139
\ttl@minus=\dimen140
\ttl@toksa=\toks15
\titlewidth=\dimen141
\titlewidthlast=\dimen142
\titlewidthfirst=\dimen143
)
(/usr/local/texlive/2021/texmf-dist/tex/latex/tools/tabularx.sty
Package: tabularx 2020/01/15 v2.11c `tabularx' package (DPC)

(/usr/local/texlive/2021/texmf-dist/tex/latex/tools/array.sty
Package: array 2020/10/01 v2.5c Tabular extension package (FMi)
\col@sep=\dimen144
\ar@mcellbox=\box48
\extrarowheight=\dimen145
\NC@list=\toks16
\extratabsurround=\skip51
\backup@length=\skip52
\ar@cellbox=\box49
)
\TX@col@width=\dimen146
\TX@old@table=\dimen147
\TX@old@col=\dimen148
\TX@target=\dimen149
\TX@delta=\dimen150
\TX@cols=\count187
\TX@ftn=\toks17
)
(/usr/local/texlive/2021/texmf-dist/tex/latex/graphics/graphicx.sty
Package: graphicx 2020/09/09 v1.2b Enhanced LaTeX Graphics (DPC,SPQR)

(/usr/local/texlive/2021/texmf-dist/tex/latex/graphics/keyval.sty
Package: keyval 2014/10/28 v1.15 key=value parser (DPC)
\KV@toks@=\toks18
)
(/usr/local/texlive/2021/texmf-dist/tex/latex/graphics/graphics.sty
Package: graphics 2020/08/30 v1.4c Standard LaTeX Graphics (DPC,SPQR)

(/usr/local/texlive/2021/texmf-dist/tex/latex/graphics/trig.sty
Package: trig 2016/01/03 v1.10 sin cos tan (DPC)
)
(/usr/local/texlive/2021/texmf-dist/tex/latex/graphics-cfg/graphics.cfg
File: graphics.cfg 2016/06/04 v1.11 sample graphics configuration
)
Package graphics Info: Driver file: pdftex.def on input line 105.

(/usr/local/texlive/2021/texmf-dist/tex/latex/graphics-def/pdftex.def
File: pdftex.def 2020/10/05 v1.2a Graphics/color driver for pdftex
))
\Gin@req@height=\dimen151
\Gin@req@width=\dimen152
)
(/usr/local/texlive/2021/texmf-dist/tex/latex/pdfpages/pdfpages.sty
Package: pdfpages 2021/03/06 v0.5t Insert pages of external PDF documents (AM)

(/usr/local/texlive/2021/texmf-dist/tex/latex/base/ifthen.sty
Package: ifthen 2014/09/29 v1.1c Standard LaTeX ifthen package (DPC)
)
(/usr/local/texlive/2021/texmf-dist/tex/latex/tools/calc.sty
Package: calc 2017/05/25 v4.3 Infix arithmetic (KKT,FJ)
\calc@Acount=\count188
\calc@Bcount=\count189
\calc@Adimen=\dimen153
\calc@Bdimen=\dimen154
\calc@Askip=\skip53
\calc@Bskip=\skip54
LaTeX Info: Redefining \setlength on input line 80.
LaTeX Info: Redefining \addtolength on input line 81.
\calc@Ccount=\count190
\calc@Cskip=\skip55
)
(/usr/local/texlive/2021/texmf-dist/tex/latex/eso-pic/eso-pic.sty
Package: eso-pic 2020/10/14 v3.0a eso-pic (RN)
\ESO@tempdima=\dimen155
\ESO@tempdimb=\dimen156

(/usr/local/texlive/2021/texmf-dist/tex/latex/xcolor/xcolor.sty
Package: xcolor 2016/05/11 v2.12 LaTeX color extensions (UK)

(/usr/local/texlive/2021/texmf-dist/tex/latex/graphics-cfg/color.cfg
File: color.cfg 2016/01/02 v1.6 sample color configuration
)
Package xcolor Info: Driver file: pdftex.def on input line 225.
Package xcolor Info: Model `cmy' substituted by `cmy0' on input line 1348.
Package xcolor Info: Model `hsb' substituted by `rgb' on input line 1352.
Package xcolor Info: Model `RGB' extended on input line 1364.
Package xcolor Info: Model `HTML' substituted by `rgb' on input line 1366.
Package xcolor Info: Model `Hsb' substituted by `hsb' on input line 1367.
Package xcolor Info: Model `tHsb' substituted by `hsb' on input line 1368.
Package xcolor Info: Model `HSB' substituted by `hsb' on input line 1369.
Package xcolor Info: Model `Gray' substituted by `gray' on input line 1370.
Package xcolor Info: Model `wave' substituted by `hsb' on input line 1371.
))
\AM@pagewidth=\dimen157
\AM@pageheight=\dimen158
\AM@fboxrule=\dimen159

(/usr/local/texlive/2021/texmf-dist/tex/latex/pdfpages/pppdftex.def
File: pppdftex.def 2021/03/06 v0.5t Pdfpages driver for pdfTeX (AM)
)
\pdfpages@includegraphics@status=\count191
\AM@pagebox=\box50
\AM@global@opts=\toks19
\AM@pagecnt=\count192
\AM@toc@title=\toks20
\c@AM@survey=\count193
\AM@templatesizebox=\box51
)
(/usr/local/texlive/2021/texmf-dist/tex/latex/geometry/geometry.sty
Package: geometry 2020/01/02 v5.9 Page Geometry

(/usr/local/texlive/2021/texmf-dist/tex/generic/iftex/ifvtex.sty
Package: ifvtex 2019/10/25 v1.7 ifvtex legacy package. Use iftex instead.

(/usr/local/texlive/2021/texmf-dist/tex/generic/iftex/iftex.sty
Package: iftex 2020/03/06 v1.0d TeX engine tests
))
\Gm@cnth=\count194
\Gm@cntv=\count195
\c@Gm@tempcnt=\count196
\Gm@bindingoffset=\dimen160
\Gm@wd@mp=\dimen161
\Gm@odd@mp=\dimen162
\Gm@even@mp=\dimen163
\Gm@layoutwidth=\dimen164
\Gm@layoutheight=\dimen165
\Gm@layouthoffset=\dimen166
\Gm@layoutvoffset=\dimen167
\Gm@dimlist=\toks21
)
(/usr/local/texlive/2021/texmf-dist/tex/latex/l3backend/l3backend-pdftex.def
File: l3backend-pdftex.def 2021-03-18 L3 backend support: PDF output (pdfTeX)
\l__color_backend_stack_int=\count197
\l__pdf_internal_box=\box52
)
(./progress report.aux)
\openout1 = `"progress report.aux"'.

LaTeX Font Info:    Checking defaults for OML/cmm/m/it on input line 18.
LaTeX Font Info:    ... okay on input line 18.
LaTeX Font Info:    Checking defaults for OMS/cmsy/m/n on input line 18.
LaTeX Font Info:    ... okay on input line 18.
LaTeX Font Info:    Checking defaults for OT1/cmr/m/n on input line 18.
LaTeX Font Info:    ... okay on input line 18.
LaTeX Font Info:    Checking defaults for T1/cmr/m/n on input line 18.
LaTeX Font Info:    ... okay on input line 18.
LaTeX Font Info:    Checking defaults for TS1/cmr/m/n on input line 18.
LaTeX Font Info:    ... okay on input line 18.
LaTeX Font Info:    Checking defaults for OMX/cmex/m/n on input line 18.
LaTeX Font Info:    ... okay on input line 18.
LaTeX Font Info:    Checking defaults for U/cmr/m/n on input line 18.
LaTeX Font Info:    ... okay on input line 18.

(/usr/local/texlive/2021/texmf-dist/tex/context/base/mkii/supp-pdf.mkii
[Loading MPS to PDF converter (version 2006.09.02).]
\scratchcounter=\count198
\scratchdimen=\dimen168
\scratchbox=\box53
\nofMPsegments=\count199
\nofMParguments=\count266
\everyMPshowfont=\toks22
\MPscratchCnt=\count267
\MPscratchDim=\dimen169
\MPnumerator=\count268
\makeMPintoPDFobject=\count269
\everyMPtoPDFconversion=\toks23
) (/usr/local/texlive/2021/texmf-dist/tex/latex/epstopdf-pkg/epstopdf-base.sty
Package: epstopdf-base 2020-01-24 v2.11 Base part for package epstopdf
Package epstopdf-base Info: Redefining graphics rule for `.eps' on input line 4
85.

(/usr/local/texlive/2021/texmf-dist/tex/latex/latexconfig/epstopdf-sys.cfg
File: epstopdf-sys.cfg 2010/07/13 v1.3 Configuration of (r)epstopdf for TeX Liv
e
))
(/usr/local/texlive/2021/texmf-dist/tex/latex/pdflscape/pdflscape.sty
Package: pdflscape 2019/12/05 v0.12 Display of landscape pages in PDF (HO)

(/usr/local/texlive/2021/texmf-dist/tex/latex/graphics/lscape.sty
Package: lscape 2020/05/28 v3.02 Landscape Pages (DPC)
)
Package pdflscape Info: Auto-detected driver: pdftex on input line 81.
)
*geometry* driver: auto-detecting
*geometry* detected driver: pdftex
*geometry* verbose mode - [ preamble ] result:
* driver: pdftex
* paper: a4paper
* layout: <same size as paper>
* layoutoffset:(h,v)=(0.0pt,0.0pt)
* modes: 
* h-part:(L,W,R)=(72.26999pt, 452.9679pt, 72.26999pt)
* v-part:(T,H,B)=(72.26999pt, 700.50687pt, 72.26999pt)
* \paperwidth=597.50787pt
* \paperheight=845.04684pt
* \textwidth=452.9679pt
* \textheight=700.50687pt
* \oddsidemargin=0.0pt
* \evensidemargin=0.0pt
* \topmargin=-37.0pt
* \headheight=12.0pt
* \headsep=25.0pt
* \topskip=10.0pt
* \footskip=30.0pt
* \marginparwidth=57.0pt
* \marginparsep=11.0pt
* \columnsep=10.0pt
* \skip\footins=9.0pt plus 4.0pt minus 2.0pt
* \hoffset=0.0pt
* \voffset=0.0pt
* \mag=1000
* \@twocolumnfalse
* \@twosidefalse
* \@mparswitchfalse
* \@reversemarginfalse
* (1in=72.27pt=25.4mm, 1cm=28.453pt)

LaTeX Font Info:    External font `cmex10' loaded for size
(Font)              <12> on input line 19.
LaTeX Font Info:    External font `cmex10' loaded for size
(Font)              <8> on input line 19.
LaTeX Font Info:    External font `cmex10' loaded for size
(Font)              <6> on input line 19.

Underfull \hbox (badness 10000) in paragraph at lines 21--25

 []

LaTeX Font Info:    External font `cmex10' loaded for size
(Font)              <7> on input line 29.
LaTeX Font Info:    External font `cmex10' loaded for size
(Font)              <5> on input line 29.
[1

{/usr/local/texlive/2021/texmf-var/fonts/map/pdftex/updmap/pdftex.map}]
<./images//tkinter-gui.jpeg, id=11, 404.51125pt x 178.6675pt>
File: ./images//tkinter-gui.jpeg Graphic file (type jpg)
<use ./images//tkinter-gui.jpeg>
Package pdftex.def Info: ./images//tkinter-gui.jpeg  used on input line 58.
(pdftex.def)             Requested size: 452.9679pt x 200.0735pt.

Underfull \hbox (badness 10000) in paragraph at lines 53--61

 []


LaTeX Warning: `!h' float specifier changed to `!ht'.


Underfull \hbox (badness 10000) in paragraph at lines 62--66

 []


Underfull \hbox (badness 1057) in paragraph at lines 94--94
[]|\OT1/cmr/m/n/10 Finish im-ple-ment-ing re-pairing strate-gies into web ap-pl
i-ca-tion and be-gin
 []


Underfull \hbox (badness 10000) in paragraph at lines 94--98

 []

[2] (./progress report.bbl) [3 <./images//tkinter-gui.jpeg>]
<./appendix-items/up-to-date-spec.pdf, id=23, 597.50829pt x 845.0471pt>
File: ./appendix-items/up-to-date-spec.pdf Graphic file (type pdf)
<use ./appendix-items/up-to-date-spec.pdf>
Package pdftex.def Info: ./appendix-items/up-to-date-spec.pdf  used on input li
ne 124.
(pdftex.def)             Requested size: 597.50682pt x 845.04504pt.
File: ./appendix-items/up-to-date-spec.pdf Graphic file (type pdf)
<use ./appendix-items/up-to-date-spec.pdf>
Package pdftex.def Info: ./appendix-items/up-to-date-spec.pdf  used on input li
ne 124.
(pdftex.def)             Requested size: 597.50682pt x 845.04504pt.
<./appendix-items/up-to-date-spec.pdf, id=26, page=1, 597.50829pt x 845.0471pt>

File: ./appendix-items/up-to-date-spec.pdf Graphic file (type pdf)
<use ./appendix-items/up-to-date-spec.pdf, page 1>
Package pdftex.def Info: ./appendix-items/up-to-date-spec.pdf , page1 used on i
nput line 124.
(pdftex.def)             Requested size: 597.50682pt x 845.04504pt.
File: ./appendix-items/up-to-date-spec.pdf Graphic file (type pdf)
<use ./appendix-items/up-to-date-spec.pdf, page 1>
Package pdftex.def Info: ./appendix-items/up-to-date-spec.pdf , page1 used on i
nput line 124.
(pdftex.def)             Requested size: 597.50682pt x 845.04504pt.
File: ./appendix-items/up-to-date-spec.pdf Graphic file (type pdf)
<use ./appendix-items/up-to-date-spec.pdf, page 1>
Package pdftex.def Info: ./appendix-items/up-to-date-spec.pdf , page1 used on i
nput line 124.
(pdftex.def)             Requested size: 597.50682pt x 845.04504pt.
File: ./appendix-items/up-to-date-spec.pdf Graphic file (type pdf)
<use ./appendix-items/up-to-date-spec.pdf, page 1>
Package pdftex.def Info: ./appendix-items/up-to-date-spec.pdf , page1 used on i
nput line 124.
(pdftex.def)             Requested size: 597.50682pt x 845.04504pt.
File: ./appendix-items/up-to-date-spec.pdf Graphic file (type pdf)
<use ./appendix-items/up-to-date-spec.pdf, page 1>
Package pdftex.def Info: ./appendix-items/up-to-date-spec.pdf , page1 used on i
nput line 124.
(pdftex.def)             Requested size: 597.50682pt x 845.04504pt.
 [4 <./appendix-items/up-to-date-spec.pdf>]
File: ./appendix-items/up-to-date-spec.pdf Graphic file (type pdf)
<use ./appendix-items/up-to-date-spec.pdf>
Package pdftex.def Info: ./appendix-items/up-to-date-spec.pdf  used on input li
ne 125.
(pdftex.def)             Requested size: 597.50682pt x 845.04504pt.
File: ./appendix-items/up-to-date-spec.pdf Graphic file (type pdf)
<use ./appendix-items/up-to-date-spec.pdf>
Package pdftex.def Info: ./appendix-items/up-to-date-spec.pdf  used on input li
ne 125.
(pdftex.def)             Requested size: 597.50682pt x 845.04504pt.
<./appendix-items/up-to-date-spec.pdf, id=54, page=2, 597.50829pt x 845.0471pt>

File: ./appendix-items/up-to-date-spec.pdf Graphic file (type pdf)
<use ./appendix-items/up-to-date-spec.pdf, page 2>
Package pdftex.def Info: ./appendix-items/up-to-date-spec.pdf , page2 used on i
nput line 125.
(pdftex.def)             Requested size: 597.50682pt x 845.04504pt.
File: ./appendix-items/up-to-date-spec.pdf Graphic file (type pdf)
<use ./appendix-items/up-to-date-spec.pdf, page 2>
Package pdftex.def Info: ./appendix-items/up-to-date-spec.pdf , page2 used on i
nput line 125.
(pdftex.def)             Requested size: 597.50682pt x 845.04504pt.
File: ./appendix-items/up-to-date-spec.pdf Graphic file (type pdf)
<use ./appendix-items/up-to-date-spec.pdf, page 2>
Package pdftex.def Info: ./appendix-items/up-to-date-spec.pdf , page2 used on i
nput line 125.
(pdftex.def)             Requested size: 597.50682pt x 845.04504pt.
File: ./appendix-items/up-to-date-spec.pdf Graphic file (type pdf)
<use ./appendix-items/up-to-date-spec.pdf, page 2>
Package pdftex.def Info: ./appendix-items/up-to-date-spec.pdf , page2 used on i
nput line 125.
(pdftex.def)             Requested size: 597.50682pt x 845.04504pt.
File: ./appendix-items/up-to-date-spec.pdf Graphic file (type pdf)
<use ./appendix-items/up-to-date-spec.pdf, page 2>
Package pdftex.def Info: ./appendix-items/up-to-date-spec.pdf , page2 used on i
nput line 125.
(pdftex.def)             Requested size: 597.50682pt x 845.04504pt.
 [5 <./appendix-items/up-to-date-spec.pdf>]
<./appendix-items/up-to-date-spec.pdf, id=69, page=3, 597.50829pt x 845.0471pt>

File: ./appendix-items/up-to-date-spec.pdf Graphic file (type pdf)
<use ./appendix-items/up-to-date-spec.pdf, page 3>
Package pdftex.def Info: ./appendix-items/up-to-date-spec.pdf , page3 used on i
nput line 125.
(pdftex.def)             Requested size: 597.50682pt x 845.04504pt.
File: ./appendix-items/up-to-date-spec.pdf Graphic file (type pdf)
<use ./appendix-items/up-to-date-spec.pdf, page 3>
Package pdftex.def Info: ./appendix-items/up-to-date-spec.pdf , page3 used on i
nput line 125.
(pdftex.def)             Requested size: 597.50682pt x 845.04504pt.
File: ./appendix-items/up-to-date-spec.pdf Graphic file (type pdf)
<use ./appendix-items/up-to-date-spec.pdf, page 3>
Package pdftex.def Info: ./appendix-items/up-to-date-spec.pdf , page3 used on i
nput line 125.
(pdftex.def)             Requested size: 597.50682pt x 845.04504pt.
 [6 <./appendix-items/up-to-date-spec.pdf>]
<./appendix-items/up-to-date-spec.pdf, id=74, page=4, 597.50829pt x 845.0471pt>

File: ./appendix-items/up-to-date-spec.pdf Graphic file (type pdf)
<use ./appendix-items/up-to-date-spec.pdf, page 4>
Package pdftex.def Info: ./appendix-items/up-to-date-spec.pdf , page4 used on i
nput line 125.
(pdftex.def)             Requested size: 597.50682pt x 845.04504pt.
File: ./appendix-items/up-to-date-spec.pdf Graphic file (type pdf)
<use ./appendix-items/up-to-date-spec.pdf, page 4>
Package pdftex.def Info: ./appendix-items/up-to-date-spec.pdf , page4 used on i
nput line 125.
(pdftex.def)             Requested size: 597.50682pt x 845.04504pt.
File: ./appendix-items/up-to-date-spec.pdf Graphic file (type pdf)
<use ./appendix-items/up-to-date-spec.pdf, page 4>
Package pdftex.def Info: ./appendix-items/up-to-date-spec.pdf , page4 used on i
nput line 125.
(pdftex.def)             Requested size: 597.50682pt x 845.04504pt.
 [7 <./appendix-items/up-to-date-spec.pdf>]
<./appendix-items/original-spec.pdf, id=80, 597.50829pt x 845.0471pt>
File: ./appendix-items/original-spec.pdf Graphic file (type pdf)
<use ./appendix-items/original-spec.pdf>
Package pdftex.def Info: ./appendix-items/original-spec.pdf  used on input line
 129.
(pdftex.def)             Requested size: 597.50682pt x 845.04504pt.
File: ./appendix-items/original-spec.pdf Graphic file (type pdf)
<use ./appendix-items/original-spec.pdf>
Package pdftex.def Info: ./appendix-items/original-spec.pdf  used on input line
 129.
(pdftex.def)             Requested size: 597.50682pt x 845.04504pt.
<./appendix-items/original-spec.pdf, id=83, page=1, 597.50829pt x 845.0471pt>
File: ./appendix-items/original-spec.pdf Graphic file (type pdf)
<use ./appendix-items/original-spec.pdf, page 1>
Package pdftex.def Info: ./appendix-items/original-spec.pdf , page1 used on inp
ut line 129.
(pdftex.def)             Requested size: 597.50682pt x 845.04504pt.
File: ./appendix-items/original-spec.pdf Graphic file (type pdf)
<use ./appendix-items/original-spec.pdf, page 1>
Package pdftex.def Info: ./appendix-items/original-spec.pdf , page1 used on inp
ut line 129.
(pdftex.def)             Requested size: 597.50682pt x 845.04504pt.
File: ./appendix-items/original-spec.pdf Graphic file (type pdf)
<use ./appendix-items/original-spec.pdf, page 1>
Package pdftex.def Info: ./appendix-items/original-spec.pdf , page1 used on inp
ut line 129.
(pdftex.def)             Requested size: 597.50682pt x 845.04504pt.
File: ./appendix-items/original-spec.pdf Graphic file (type pdf)
<use ./appendix-items/original-spec.pdf, page 1>
Package pdftex.def Info: ./appendix-items/original-spec.pdf , page1 used on inp
ut line 129.
(pdftex.def)             Requested size: 597.50682pt x 845.04504pt.
File: ./appendix-items/original-spec.pdf Graphic file (type pdf)
<use ./appendix-items/original-spec.pdf, page 1>
Package pdftex.def Info: ./appendix-items/original-spec.pdf , page1 used on inp
ut line 129.
(pdftex.def)             Requested size: 597.50682pt x 845.04504pt.

[8 <./appendix-items/original-spec.pdf>]
File: ./appendix-items/original-spec.pdf Graphic file (type pdf)
<use ./appendix-items/original-spec.pdf>
Package pdftex.def Info: ./appendix-items/original-spec.pdf  used on input line
 130.
(pdftex.def)             Requested size: 597.50682pt x 845.04504pt.
File: ./appendix-items/original-spec.pdf Graphic file (type pdf)
<use ./appendix-items/original-spec.pdf>
Package pdftex.def Info: ./appendix-items/original-spec.pdf  used on input line
 130.
(pdftex.def)             Requested size: 597.50682pt x 845.04504pt.
<./appendix-items/original-spec.pdf, id=103, page=2, 597.50829pt x 845.0471pt>
File: ./appendix-items/original-spec.pdf Graphic file (type pdf)
<use ./appendix-items/original-spec.pdf, page 2>
Package pdftex.def Info: ./appendix-items/original-spec.pdf , page2 used on inp
ut line 130.
(pdftex.def)             Requested size: 597.50682pt x 845.04504pt.
File: ./appendix-items/original-spec.pdf Graphic file (type pdf)
<use ./appendix-items/original-spec.pdf, page 2>
Package pdftex.def Info: ./appendix-items/original-spec.pdf , page2 used on inp
ut line 130.
(pdftex.def)             Requested size: 597.50682pt x 845.04504pt.
File: ./appendix-items/original-spec.pdf Graphic file (type pdf)
<use ./appendix-items/original-spec.pdf, page 2>
Package pdftex.def Info: ./appendix-items/original-spec.pdf , page2 used on inp
ut line 130.
(pdftex.def)             Requested size: 597.50682pt x 845.04504pt.
File: ./appendix-items/original-spec.pdf Graphic file (type pdf)
<use ./appendix-items/original-spec.pdf, page 2>
Package pdftex.def Info: ./appendix-items/original-spec.pdf , page2 used on inp
ut line 130.
(pdftex.def)             Requested size: 597.50682pt x 845.04504pt.
File: ./appendix-items/original-spec.pdf Graphic file (type pdf)
<use ./appendix-items/original-spec.pdf, page 2>
Package pdftex.def Info: ./appendix-items/original-spec.pdf , page2 used on inp
ut line 130.
(pdftex.def)             Requested size: 597.50682pt x 845.04504pt.
 [9 <./appendix-items/original-spec.pdf>]
<./appendix-items/original-spec.pdf, id=111, page=3, 597.50829pt x 845.0471pt>
File: ./appendix-items/original-spec.pdf Graphic file (type pdf)
<use ./appendix-items/original-spec.pdf, page 3>
Package pdftex.def Info: ./appendix-items/original-spec.pdf , page3 used on inp
ut line 130.
(pdftex.def)             Requested size: 597.50682pt x 845.04504pt.
File: ./appendix-items/original-spec.pdf Graphic file (type pdf)
<use ./appendix-items/original-spec.pdf, page 3>
Package pdftex.def Info: ./appendix-items/original-spec.pdf , page3 used on inp
ut line 130.
(pdftex.def)             Requested size: 597.50682pt x 845.04504pt.
File: ./appendix-items/original-spec.pdf Graphic file (type pdf)
<use ./appendix-items/original-spec.pdf, page 3>
Package pdftex.def Info: ./appendix-items/original-spec.pdf , page3 used on inp
ut line 130.
(pdftex.def)             Requested size: 597.50682pt x 845.04504pt.
 [10 <./appendix-items/original-spec.pdf>]
<./appendix-items/rough-work.pdf, id=116, 456.74641pt x 589.72322pt>
File: ./appendix-items/rough-work.pdf Graphic file (type pdf)
<use ./appendix-items/rough-work.pdf>
Package pdftex.def Info: ./appendix-items/rough-work.pdf  used on input line 13
4.
(pdftex.def)             Requested size: 456.7453pt x 589.72177pt.
File: ./appendix-items/rough-work.pdf Graphic file (type pdf)
<use ./appendix-items/rough-work.pdf>
Package pdftex.def Info: ./appendix-items/rough-work.pdf  used on input line 13
4.
(pdftex.def)             Requested size: 456.7453pt x 589.72177pt.
<./appendix-items/rough-work.pdf, id=119, page=2, 456.74641pt x 589.72322pt>
File: ./appendix-items/rough-work.pdf Graphic file (type pdf)
<use ./appendix-items/rough-work.pdf, page 2>
Package pdftex.def Info: ./appendix-items/rough-work.pdf , page2 used on input 
line 134.
(pdftex.def)             Requested size: 456.7453pt x 589.72177pt.
File: ./appendix-items/rough-work.pdf Graphic file (type pdf)
<use ./appendix-items/rough-work.pdf, page 2>
Package pdftex.def Info: ./appendix-items/rough-work.pdf , page2 used on input 
line 134.
(pdftex.def)             Requested size: 342.55898pt x 442.29132pt.
File: ./appendix-items/rough-work.pdf Graphic file (type pdf)
<use ./appendix-items/rough-work.pdf, page 2>
Package pdftex.def Info: ./appendix-items/rough-work.pdf , page2 used on input 
line 134.
(pdftex.def)             Requested size: 342.55898pt x 442.29132pt.
File: ./appendix-items/rough-work.pdf Graphic file (type pdf)
<use ./appendix-items/rough-work.pdf, page 2>
Package pdftex.def Info: ./appendix-items/rough-work.pdf , page2 used on input 
line 134.
(pdftex.def)             Requested size: 342.55898pt x 442.29132pt.
File: ./appendix-items/rough-work.pdf Graphic file (type pdf)
<use ./appendix-items/rough-work.pdf, page 2>
Package pdftex.def Info: ./appendix-items/rough-work.pdf , page2 used on input 
line 134.
(pdftex.def)             Requested size: 342.55898pt x 442.29132pt.
 [11 <./appendix-items/rough-work.pdf>]
File: ./appendix-items/rough-work.pdf Graphic file (type pdf)
<use ./appendix-items/rough-work.pdf>
Package pdftex.def Info: ./appendix-items/rough-work.pdf  used on input line 13
5.
(pdftex.def)             Requested size: 456.7453pt x 589.72177pt.
File: ./appendix-items/rough-work.pdf Graphic file (type pdf)
<use ./appendix-items/rough-work.pdf>
Package pdftex.def Info: ./appendix-items/rough-work.pdf  used on input line 13
5.
(pdftex.def)             Requested size: 456.7453pt x 589.72177pt.
<./appendix-items/rough-work.pdf, id=220, page=3, 456.74641pt x 589.72322pt>
File: ./appendix-items/rough-work.pdf Graphic file (type pdf)
<use ./appendix-items/rough-work.pdf, page 3>
Package pdftex.def Info: ./appendix-items/rough-work.pdf , page3 used on input 
line 135.
(pdftex.def)             Requested size: 456.7453pt x 589.72177pt.
File: ./appendix-items/rough-work.pdf Graphic file (type pdf)
<use ./appendix-items/rough-work.pdf, page 3>
Package pdftex.def Info: ./appendix-items/rough-work.pdf , page3 used on input 
line 135.
(pdftex.def)             Requested size: 342.55898pt x 442.29132pt.
File: ./appendix-items/rough-work.pdf Graphic file (type pdf)
<use ./appendix-items/rough-work.pdf, page 3>
Package pdftex.def Info: ./appendix-items/rough-work.pdf , page3 used on input 
line 135.
(pdftex.def)             Requested size: 342.55898pt x 442.29132pt.
File: ./appendix-items/rough-work.pdf Graphic file (type pdf)
<use ./appendix-items/rough-work.pdf, page 3>
Package pdftex.def Info: ./appendix-items/rough-work.pdf , page3 used on input 
line 135.
(pdftex.def)             Requested size: 342.55898pt x 442.29132pt.
File: ./appendix-items/rough-work.pdf Graphic file (type pdf)
<use ./appendix-items/rough-work.pdf, page 3>
Package pdftex.def Info: ./appendix-items/rough-work.pdf , page3 used on input 
line 135.
(pdftex.def)             Requested size: 342.55898pt x 442.29132pt.
 [12 <./appendix-items/rough-work.pdf>]
<./appendix-items/rough-work.pdf, id=385, page=4, 456.74641pt x 589.72322pt>
File: ./appendix-items/rough-work.pdf Graphic file (type pdf)
<use ./appendix-items/rough-work.pdf, page 4>
Package pdftex.def Info: ./appendix-items/rough-work.pdf , page4 used on input 
line 135.
(pdftex.def)             Requested size: 342.55898pt x 442.29132pt.
File: ./appendix-items/rough-work.pdf Graphic file (type pdf)
<use ./appendix-items/rough-work.pdf, page 4>
Package pdftex.def Info: ./appendix-items/rough-work.pdf , page4 used on input 
line 135.
(pdftex.def)             Requested size: 342.55898pt x 442.29132pt.
File: ./appendix-items/rough-work.pdf Graphic file (type pdf)
<use ./appendix-items/rough-work.pdf, page 4>
Package pdftex.def Info: ./appendix-items/rough-work.pdf , page4 used on input 
line 135.
(pdftex.def)             Requested size: 342.55898pt x 442.29132pt.
 [13 <./appendix-items/rough-work.pdf>]
<./appendix-items/rough-work.pdf, id=460, page=5, 456.74641pt x 589.72322pt>
File: ./appendix-items/rough-work.pdf Graphic file (type pdf)
<use ./appendix-items/rough-work.pdf, page 5>
Package pdftex.def Info: ./appendix-items/rough-work.pdf , page5 used on input 
line 135.
(pdftex.def)             Requested size: 342.55898pt x 442.29132pt.
File: ./appendix-items/rough-work.pdf Graphic file (type pdf)
<use ./appendix-items/rough-work.pdf, page 5>
Package pdftex.def Info: ./appendix-items/rough-work.pdf , page5 used on input 
line 135.
(pdftex.def)             Requested size: 342.55898pt x 442.29132pt.
File: ./appendix-items/rough-work.pdf Graphic file (type pdf)
<use ./appendix-items/rough-work.pdf, page 5>
Package pdftex.def Info: ./appendix-items/rough-work.pdf , page5 used on input 
line 135.
(pdftex.def)             Requested size: 342.55898pt x 442.29132pt.
 [14 <./appendix-items/rough-work.pdf>] (./progress report.aux) ) 
Here is how much of TeX's memory you used:
 3458 strings out of 478994
 51756 string characters out of 5858184
 368176 words of memory out of 5000000
 20914 multiletter control sequences out of 15000+600000
 408637 words of font info for 44 fonts, out of 8000000 for 9000
 1141 hyphenation exceptions out of 8191
 68i,18n,83p,999b,444s stack positions out of 5000i,500n,10000p,200000b,80000s
</usr/local/te
xlive/2021/texmf-dist/fonts/type1/public/amsfonts/cm/cmbx10.pfb></usr/local/tex
live/2021/texmf-dist/fonts/type1/public/amsfonts/cm/cmbx12.pfb></usr/local/texl
ive/2021/texmf-dist/fonts/type1/public/amsfonts/cm/cmex10.pfb></usr/local/texli
ve/2021/texmf-dist/fonts/type1/public/amsfonts/cm/cmmi10.pfb></usr/local/texliv
e/2021/texmf-dist/fonts/type1/public/amsfonts/cm/cmmi7.pfb></usr/local/texlive/
2021/texmf-dist/fonts/type1/public/amsfonts/cm/cmr10.pfb></usr/local/texlive/20
21/texmf-dist/fonts/type1/public/amsfonts/cm/cmr12.pfb></usr/local/texlive/2021
/texmf-dist/fonts/type1/public/amsfonts/cm/cmr17.pfb></usr/local/texlive/2021/t
exmf-dist/fonts/type1/public/amsfonts/cm/cmr7.pfb></usr/local/texlive/2021/texm
f-dist/fonts/type1/public/amsfonts/cm/cmti10.pfb></usr/local/texlive/2021/texmf
-dist/fonts/type1/public/cm-super/sfrm1000.pfb>
Output written on "progress report.pdf" (14 pages, 10041840 bytes).
PDF statistics:
 588 PDF objects out of 1000 (max. 8388607)
 387 compressed objects within 4 object streams
 0 named destinations out of 1000 (max. 500000)
 136 words of extra memory for PDF output out of 10000 (max. 10000000)

