\BOOKMARK [0][-]{chapter.1}{\376\377\000I\000n\000t\000r\000o\000d\000u\000c\000t\000i\000o\000n}{}% 1
\BOOKMARK [1][-]{section.1.1}{\376\377\000O\000b\000j\000e\000c\000t\000i\000v\000e\000s}{chapter.1}% 2
\BOOKMARK [1][-]{section.1.2}{\376\377\000R\000e\000l\000a\000t\000e\000d\000\040\000w\000o\000r\000k}{chapter.1}% 3
\BOOKMARK [0][-]{chapter.2}{\376\377\000L\000i\000t\000e\000r\000a\000t\000u\000r\000e\000\040\000R\000e\000v\000i\000e\000w}{}% 4
\BOOKMARK [1][-]{section.2.1}{\376\377\000B\000a\000c\000k\000g\000r\000o\000u\000n\000d}{chapter.2}% 5
\BOOKMARK [2][-]{subsection.2.1.1}{\376\377\000D\000y\000c\000k\000\040\000W\000o\000r\000d\000s}{section.2.1}% 6
\BOOKMARK [2][-]{subsection.2.1.2}{\376\377\000N\000o\000r\000t\000h\000-\000E\000a\000s\000t\000\040\000L\000a\000t\000t\000i\000c\000e\000\040\000W\000a\000l\000k\000s}{section.2.1}% 7
\BOOKMARK [2][-]{subsection.2.1.3}{\376\377\000B\000i\000n\000a\000r\000y\000\040\000T\000r\000e\000e\000s}{section.2.1}% 8
\BOOKMARK [1][-]{section.2.2}{\376\377\000T\000h\000e\000\040\000R\000e\000-\000P\000a\000i\000r\000i\000n\000g\000\040\000G\000a\000m\000e}{chapter.2}% 9
\BOOKMARK [2][-]{subsection.2.2.1}{\376\377\000R\000e\000-\000P\000a\000i\000r\000i\000n\000g\000s}{section.2.2}% 10
\BOOKMARK [2][-]{subsection.2.2.2}{\376\377\000H\000e\000i\000g\000h\000t}{section.2.2}% 11
\BOOKMARK [2][-]{subsection.2.2.3}{\376\377\000W\000i\000d\000t\000h}{section.2.2}% 12
\BOOKMARK [2][-]{subsection.2.2.4}{\376\377\000O\000b\000s\000e\000r\000v\000a\000t\000i\000o\000n}{section.2.2}% 13
\BOOKMARK [2][-]{subsection.2.2.5}{\376\377\000S\000t\000r\000a\000t\000e\000g\000i\000e\000s}{section.2.2}% 14
\BOOKMARK [2][-]{subsection.2.2.6}{\376\377\000F\000a\000c\000t\000o\000r\000s\000\040\000a\000n\000d\000\040\000D\000y\000c\000k\000\040\000P\000r\000i\000m\000e\000s}{section.2.2}% 15
\BOOKMARK [0][-]{chapter.3}{\376\377\000A\000\040\000W\000e\000b\000\040\000A\000p\000p\000l\000i\000c\000a\000t\000i\000o\000n\000\040\000F\000o\000r\000\040\000T\000h\000e\000\040\000R\000e\000-\000P\000a\000i\000r\000i\000n\000g\000\040\000G\000a\000m\000e}{}% 16
\BOOKMARK [1][-]{section.3.1}{\376\377\000S\000o\000f\000t\000w\000a\000r\000e\000\040\000R\000e\000q\000u\000i\000r\000e\000m\000e\000n\000t\000s}{chapter.3}% 17
\BOOKMARK [1][-]{section.3.2}{\376\377\000T\000e\000c\000h\000n\000o\000l\000o\000g\000i\000e\000s}{chapter.3}% 18
\BOOKMARK [2][-]{subsection.3.2.1}{\376\377\000I\000n\000i\000t\000i\000a\000l\000\040\000I\000d\000e\000a\000s}{section.3.2}% 19
\BOOKMARK [2][-]{subsection.3.2.2}{\376\377\000B\000a\000c\000k\000e\000n\000d}{section.3.2}% 20
\BOOKMARK [2][-]{subsection.3.2.3}{\376\377\000F\000r\000o\000n\000t\000e\000n\000d}{section.3.2}% 21
\BOOKMARK [1][-]{section.3.3}{\376\377\000I\000m\000p\000l\000e\000m\000e\000n\000t\000a\000t\000i\000o\000n}{chapter.3}% 22
\BOOKMARK [2][-]{subsection.3.3.1}{\376\377\000B\000a\000c\000k\000e\000n\000d}{section.3.3}% 23
\BOOKMARK [2][-]{subsection.3.3.2}{\376\377\000F\000r\000o\000n\000t\000e\000n\000d}{section.3.3}% 24
\BOOKMARK [0][-]{chapter.4}{\376\377\000P\000r\000o\000j\000e\000c\000t\000\040\000M\000a\000n\000a\000g\000e\000m\000e\000n\000t}{}% 25
\BOOKMARK [1][-]{section.4.1}{\376\377\000M\000e\000t\000h\000o\000d\000o\000l\000o\000g\000y}{chapter.4}% 26
\BOOKMARK [2][-]{subsection.4.1.1}{\376\377\000D\000e\000v\000e\000l\000o\000p\000m\000e\000n\000t\000\040\000M\000e\000t\000h\000o\000d\000o\000l\000o\000g\000y}{section.4.1}% 27
\BOOKMARK [2][-]{subsection.4.1.2}{\376\377\000T\000e\000s\000t\000i\000n\000g\000\040\000M\000e\000t\000h\000o\000d\000o\000l\000o\000g\000y}{section.4.1}% 28
\BOOKMARK [1][-]{section.4.2}{\376\377\000S\000e\000t\000u\000p\000\040\000a\000n\000d\000\040\000T\000o\000o\000l\000i\000n\000g}{chapter.4}% 29
